C:\Program Files (x86)\MSBuild\Microsoft.Cpp\v4.0\V140\Microsoft.CppBuild.targets(392,5): warning MSB8028: The intermediate directory (Release\) contains files shared from another project (supernode.vcxproj).  This can lead to incorrect clean and rebuild behavior.
  edge.c
c:\thirdparty\n2n\win32/n2n_win32.h(48): warning C4005: “EAFNOSUPPORT”: 宏重定义
  C:\Program Files (x86)\Windows Kits\10\Include\10.0.10240.0\ucrt\errno.h(86): note: 参见“EAFNOSUPPORT”的前一个定义
..\..\edge.c(1540): warning C4477: “_snprintf”: 格式字符串“%lu”需要类型“unsigned long”的参数，但可变参数 1 拥有了类型“time_t”
  ..\..\edge.c(1540): note: 请考虑在格式字符串中使用“%llu”
  ..\..\edge.c(1540): note: 请考虑在格式字符串中使用“%I64u”
..\..\edge.c(1567): warning C4477: “_snprintf”: 格式字符串“%lu”需要类型“unsigned long”的参数，但可变参数 1 拥有了类型“time_t”
  ..\..\edge.c(1567): note: 请考虑在格式字符串中使用“%llu”
  ..\..\edge.c(1567): note: 请考虑在格式字符串中使用“%I64u”
..\..\edge.c(1567): warning C4477: “_snprintf”: 格式字符串“%ld”需要类型“long”的参数，但可变参数 2 拥有了类型“time_t”
  ..\..\edge.c(1567): note: 请考虑在格式字符串中使用“%lld”
  ..\..\edge.c(1567): note: 请考虑在格式字符串中使用“%I64d”
..\..\edge.c(1567): warning C4477: “_snprintf”: 格式字符串“%lu”需要类型“unsigned long”的参数，但可变参数 3 拥有了类型“time_t”
  ..\..\edge.c(1567): note: 请考虑在格式字符串中使用“%llu”
  ..\..\edge.c(1567): note: 请考虑在格式字符串中使用“%I64u”
..\..\edge.c(1567): warning C4477: “_snprintf”: 格式字符串“%ld”需要类型“long”的参数，但可变参数 4 拥有了类型“time_t”
  ..\..\edge.c(1567): note: 请考虑在格式字符串中使用“%lld”
  ..\..\edge.c(1567): note: 请考虑在格式字符串中使用“%I64d”
..\..\edge.c(1855): warning C4996: 'inet_addr': Use inet_pton() or InetPton() instead or define _WINSOCK_DEPRECATED_NO_WARNINGS to disable deprecated API warnings
  C:\Program Files (x86)\Windows Kits\8.1\Include\um\winsock2.h(1850): note: 参见“inet_addr”的声明
  正在生成代码
  0 of 150 functions ( 0.0%) were compiled, the rest were copied from previous compilation.
    0 functions were new in current compilation
    0 functions had inline decision re-evaluated but remain unchanged
  已完成代码的生成
  n2n.vcxproj -> C:\ThirdParty\n2n\win32\DotNet\Release\edge.exe
  n2n.vcxproj -> C:\ThirdParty\n2n\win32\DotNet\Release\edge.pdb (Full PDB)
